<?xml version="1.0" encoding="UTF-8"?>
<testng-results skipped="0" failed="0" total="1" passed="1">
  <reporter-output>
  </reporter-output>
  <suite name="FirstSuite" duration-ms="28" started-at="2019-12-29T07:09:03Z" finished-at="2019-12-29T07:09:03Z">
    <groups>
    </groups>
    <test name="Test1" duration-ms="28" started-at="2019-12-29T07:09:03Z" finished-at="2019-12-29T07:09:03Z">
      <class name="mysite.GoogleTest">
        <test-method status="PASS" signature="testSearchForm()[pri:0, instance:mysite.GoogleTest@184f6be2]" name="testSearchForm" duration-ms="11" started-at="2019-12-29T09:09:03Z" finished-at="2019-12-29T09:09:03Z">
          <reporter-output>
          </reporter-output>
        </test-method> <!-- testSearchForm -->
      </class> <!-- mysite.GoogleTest -->
    </test> <!-- Test1 -->
  </suite> <!-- FirstSuite -->
</testng-results>
